c:\users\admin\desktop\labs (1)\labs\lab4_graphicscore\x64\debug\vc143.pdb
c:\users\admin\desktop\labs (1)\labs\lab4_graphicscore\x64\debug\vc143.idb
c:\users\admin\desktop\labs (1)\labs\lab4_graphicscore\x64\debug\warrior.obj
c:\users\admin\desktop\labs (1)\labs\lab4_graphicscore\x64\debug\ttfont.obj
c:\users\admin\desktop\labs (1)\labs\lab4_graphicscore\x64\debug\timing.obj
c:\users\admin\desktop\labs (1)\labs\lab4_graphicscore\x64\debug\texture.obj
c:\users\admin\desktop\labs (1)\labs\lab4_graphicscore\x64\debug\stone.obj
c:\users\admin\desktop\labs (1)\labs\lab4_graphicscore\x64\debug\spritesheet.obj
c:\users\admin\desktop\labs (1)\labs\lab4_graphicscore\x64\debug\spriteanim.obj
c:\users\admin\desktop\labs (1)\labs\lab4_graphicscore\x64\debug\resource.obj
c:\users\admin\desktop\labs (1)\labs\lab4_graphicscore\x64\debug\renderer.obj
c:\users\admin\desktop\labs (1)\labs\lab4_graphicscore\x64\debug\main.obj
c:\users\admin\desktop\labs (1)\labs\lab4_graphicscore\x64\debug\gamecontroller.obj
c:\users\admin\desktop\labs (1)\labs\lab4_graphicscore\x64\debug\assetcontroller.obj
c:\users\admin\desktop\labs (1)\labs\x64\debug\lab4_graphicscore.exe
c:\users\admin\desktop\labs (1)\labs\x64\debug\lab4_graphicscore.pdb
c:\users\admin\desktop\labs (1)\labs\lab4_graphicscore\x64\debug\lab4_graphicscore.ilk
c:\users\admin\desktop\labs (1)\labs\lab4_graphicscore\x64\debug\lab4_gra.d24e7cfb.tlog\cl.command.1.tlog
c:\users\admin\desktop\labs (1)\labs\lab4_graphicscore\x64\debug\lab4_gra.d24e7cfb.tlog\cl.items.tlog
c:\users\admin\desktop\labs (1)\labs\lab4_graphicscore\x64\debug\lab4_gra.d24e7cfb.tlog\cl.read.1.tlog
c:\users\admin\desktop\labs (1)\labs\lab4_graphicscore\x64\debug\lab4_gra.d24e7cfb.tlog\cl.write.1.tlog
c:\users\admin\desktop\labs (1)\labs\lab4_graphicscore\x64\debug\lab4_gra.d24e7cfb.tlog\link.command.1.tlog
c:\users\admin\desktop\labs (1)\labs\lab4_graphicscore\x64\debug\lab4_gra.d24e7cfb.tlog\link.read.1.tlog
c:\users\admin\desktop\labs (1)\labs\lab4_graphicscore\x64\debug\lab4_gra.d24e7cfb.tlog\link.secondary.1.tlog
c:\users\admin\desktop\labs (1)\labs\lab4_graphicscore\x64\debug\lab4_gra.d24e7cfb.tlog\link.write.1.tlog
